<?xml version="1.0" encoding="UTF-8"?>
<!-- Generated by org.testng.reporters.JUnitXMLReporter -->
<testsuite ignored="0" hostname="LTIN447604" failures="0" tests="3" name="Test" time="112.908" errors="0" timestamp="2024-09-17T14:41:29 IST">
  <testcase classname="testCases.TC_001_Cab_Booking" name="verifyMinimumPrice" time="45.38"/>
  <testcase classname="testCases.TC_002_Gift_Selection" name="verifyGiftErrorMessage" time="9.315"/>
  <testcase classname="testCases.TC_003_Hotel_Booking" name="getAdultsCount" time="3.625"/>
</testsuite> <!-- Test -->
