<?xml version="1.0" encoding="UTF-8"?>
<testng-results ignored="0" total="1" passed="1" failed="0" skipped="0">
  <reporter-output>
  </reporter-output>
  <suite started-at="2024-09-18T09:39:39 IST" name="Default suite" finished-at="2024-09-18T09:40:48 IST" duration-ms="68325">
    <groups>
    </groups>
    <test started-at="2024-09-18T09:39:39 IST" name="Default test" finished-at="2024-09-18T09:40:48 IST" duration-ms="68325">
      <class name="testCases.TC_001_Cab_Booking">
        <test-method is-config="true" signature="setUp()[pri:0, instance:testCases.TC_001_Cab_Booking@74e28667]" started-at="2024-09-18T09:39:39 IST" name="setUp" finished-at="2024-09-18T09:39:57 IST" duration-ms="17982" status="PASS">
          <reporter-output>
          </reporter-output>
        </test-method> <!-- setUp -->
        <test-method signature="verifyMinimumPrice()[pri:0, instance:testCases.TC_001_Cab_Booking@74e28667]" started-at="2024-09-18T09:39:57 IST" name="verifyMinimumPrice" finished-at="2024-09-18T09:40:42 IST" duration-ms="44731" status="PASS">
          <reporter-output>
          </reporter-output>
        </test-method> <!-- verifyMinimumPrice -->
        <test-method is-config="true" signature="tearDown()[pri:0, instance:testCases.TC_001_Cab_Booking@74e28667]" started-at="2024-09-18T09:40:42 IST" name="tearDown" finished-at="2024-09-18T09:40:48 IST" duration-ms="5516" status="PASS">
          <reporter-output>
          </reporter-output>
        </test-method> <!-- tearDown -->
      </class> <!-- testCases.TC_001_Cab_Booking -->
    </test> <!-- Default test -->
  </suite> <!-- Default suite -->
</testng-results>
